
> project-final-backend@1.0.0 build
> vite build

[36mvite v6.4.1 [32mbuilding for production...[36m[39m
transforming...
[32m✓[39m 100 modules transformed.
[31m✗[39m Build failed in 1.23s
[31merror during build:
[31msrc/components/PrivateRoute.jsx (3:9): "useAuth" is not exported by "src/context/AuthContext.jsx", imported by "src/components/PrivateRoute.jsx".[31m
file: [36mC:/Users/qabal/Documents/GitHub/project-final/frontend/src/components/PrivateRoute.jsx:3:9[31m
[33m
1: import React from 'react';
2: import { Navigate, useLocation } from 'react-router-dom';
3: import { useAuth } from '../context/AuthContext.jsx';
            ^
4: 
5: const PrivateRoute = ({ children }) => {
[31m
    at getRollupError (file:///C:/Users/qabal/Documents/GitHub/project-final/frontend/node_modules/rollup/dist/es/shared/parseAst.js:402:41)
    at error (file:///C:/Users/qabal/Documents/GitHub/project-final/frontend/node_modules/rollup/dist/es/shared/parseAst.js:398:42)
    at Module.error (file:///C:/Users/qabal/Documents/GitHub/project-final/frontend/node_modules/rollup/dist/es/shared/node-entry.js:17040:16)
    at Module.traceVariable (file:///C:/Users/qabal/Documents/GitHub/project-final/frontend/node_modules/rollup/dist/es/shared/node-entry.js:17452:29)
    at ModuleScope.findVariable (file:///C:/Users/qabal/Documents/GitHub/project-final/frontend/node_modules/rollup/dist/es/shared/node-entry.js:15070:39)
    at ReturnValueScope.findVariable (file:///C:/Users/qabal/Documents/GitHub/project-final/frontend/node_modules/rollup/dist/es/shared/node-entry.js:5673:38)
    at FunctionBodyScope.findVariable (file:///C:/Users/qabal/Documents/GitHub/project-final/frontend/node_modules/rollup/dist/es/shared/node-entry.js:5673:38)
    at Identifier.bind (file:///C:/Users/qabal/Documents/GitHub/project-final/frontend/node_modules/rollup/dist/es/shared/node-entry.js:5447:40)
    at CallExpression.bind (file:///C:/Users/qabal/Documents/GitHub/project-final/frontend/node_modules/rollup/dist/es/shared/node-entry.js:2829:23)
    at CallExpression.bind (file:///C:/Users/qabal/Documents/GitHub/project-final/frontend/node_modules/rollup/dist/es/shared/node-entry.js:12179:15)[39m
